c:\users\lgonzaga\desktop\cg2021-1\aula-04\03_3d_camera_mvp_lookat\x64\debug\vc142.pdb
c:\users\lgonzaga\desktop\cg2021-1\aula-04\03_3d_camera_mvp_lookat\x64\debug\vc142.idb
c:\users\lgonzaga\desktop\cg2021-1\aula-04\03_3d_camera_mvp_lookat\x64\debug\gl3w.obj
c:\users\lgonzaga\desktop\cg2021-1\aula-04\03_3d_camera_mvp_lookat\x64\debug\03_camera_mvp_lookat_cube.obj
c:\users\lgonzaga\desktop\cg2021-1\aula-04\03_3d_camera_mvp_lookat\x64\debug\gl_utils.obj
c:\users\lgonzaga\desktop\cg2021-2\aula-03\03_3d_camera_mvp_lookat\x64\debug\vc142.pdb
c:\users\lgonzaga\desktop\cg2021-2\aula-03\03_3d_camera_mvp_lookat\x64\debug\vc142.idb
c:\users\lgonzaga\desktop\cg2021-2\aula-03\03_3d_camera_mvp_lookat\x64\debug\gl3w.obj
c:\users\lgonzaga\desktop\cg2021-2\aula-03\03_3d_camera_mvp_lookat\x64\debug\03_camera_mvp_lookat_cube.obj
c:\users\lgonzaga\desktop\cg2021-2\aula-03\03_3d_camera_mvp_lookat\x64\debug\gl_utils.obj
c:\users\lgonzaga\desktop\cg2021-1\aula-04\x64\debug\03_camera_mvp_lookat.exe
c:\users\lgonzaga\desktop\cg2021-1\aula-04\x64\debug\03_camera_mvp_lookat.ilk
c:\users\lgonzaga\desktop\cg2021-1\aula-04\x64\debug\03_camera_mvp_lookat.pdb
c:\users\lgonzaga\desktop\cg2021-2\aula-03\03_3d_camera_mvp_lookat\x64\debug\03_camera_mvp_lookat.ilk
c:\users\lgonzaga\desktop\cg2021-2\aula-03\x64\debug\03_camera_mvp_lookat.exe
c:\users\lgonzaga\desktop\cg2021-2\aula-03\x64\debug\03_camera_mvp_lookat.pdb
c:\users\lgonzaga\desktop\cg2021-2\aula-03\x64\debug\03_camera_mvp_lookat.ilk
c:\users\lgonzaga\desktop\cg2021-2\aula-03\03_3d_camera_mvp_lookat\x64\debug\03_camer.5551ecff.tlog\cl.command.1.tlog
c:\users\lgonzaga\desktop\cg2021-2\aula-03\03_3d_camera_mvp_lookat\x64\debug\03_camer.5551ecff.tlog\cl.read.1.tlog
c:\users\lgonzaga\desktop\cg2021-2\aula-03\03_3d_camera_mvp_lookat\x64\debug\03_camer.5551ecff.tlog\cl.write.1.tlog
c:\users\lgonzaga\desktop\cg2021-2\aula-03\03_3d_camera_mvp_lookat\x64\debug\03_camer.5551ecff.tlog\link.command.1.tlog
c:\users\lgonzaga\desktop\cg2021-2\aula-03\03_3d_camera_mvp_lookat\x64\debug\03_camer.5551ecff.tlog\link.read.1.tlog
c:\users\lgonzaga\desktop\cg2021-2\aula-03\03_3d_camera_mvp_lookat\x64\debug\03_camer.5551ecff.tlog\link.write.1.tlog
